Server is running at port:  80
<testsuite name="Mocha Tests" tests="1" failures="0" errors="1" skipped="0" timestamp="Sat, 09 Nov 2019 17:25:12 GMT" time="2.022">
<testcase classname="Index render test" name="should return home page" time="2.006"><failure>Timeout of 2000ms exceeded. For async tests and hooks, ensure &#x22;done()&#x22; is called; if returning a Promise, ensure it resolves. (C:\Users\andre\Documents\GitHub\Portfolio\test\test.js)
Error: Timeout of 2000ms exceeded. For async tests and hooks, ensure &#x22;done()&#x22; is called; if returning a Promise, ensure it resolves. (C:\Users\andre\Documents\GitHub\Portfolio\test\test.js)</failure></testcase>
</testsuite>
